{
  "stats": {
    "suites": 2,
    "tests": 1,
    "passes": 0,
    "pending": 0,
    "failures": 1,
    "start": "2025-09-26T04:32:36.249Z",
    "end": "2025-09-26T04:33:11.878Z",
    "duration": 35629,
    "testsRegistered": 27,
    "passPercent": 0,
    "pendingPercent": 0,
    "other": 1,
    "hasOther": true,
    "skipped": 25,
    "hasSkipped": true
  },
  "results": [
    {
      "uuid": "19eaaa29-7daf-41b9-9abe-1540b92cf8e2",
      "title": "",
      "fullFile": "cypress/e2e/03-client-management.cy.ts",
      "file": "cypress/e2e/03-client-management.cy.ts",
      "beforeHooks": [],
      "afterHooks": [],
      "tests": [],
      "suites": [
        {
          "uuid": "16000dae-9b12-4fe7-ae44-5c3b34be30c8",
          "title": "Client Management",
          "fullFile": "",
          "file": "",
          "beforeHooks": [],
          "afterHooks": [],
          "tests": [],
          "suites": [
            {
              "uuid": "8b5e1d5e-d0dd-4e2c-bb4a-bc88b7585d5d",
              "title": "Client List",
              "fullFile": "",
              "file": "",
              "beforeHooks": [],
              "afterHooks": [],
              "tests": [
                {
                  "title": "should display clients list correctly",
                  "fullTitle": "Client Management Client List should display clients list correctly",
                  "timedOut": null,
                  "duration": 10978,
                  "state": "failed",
                  "speed": null,
                  "pass": false,
                  "fail": true,
                  "pending": false,
                  "context": "[\n  {\n    \"title\": \"cypress-mochawesome-reporter-videos-failed\",\n    \"value\": \"cypress/e2e/03-client-management.cy.ts\"\n  },\n  {\n    \"title\": \"cypress-mochawesome-reporter-screenshots\",\n    \"value\": [\n      [\n        \"/03-client-management.cy.ts/Client Management -- Client List -- should display clients list correctly (failed).png\"\n      ],\n      [\n        \"/03-client-management.cy.ts/Client Management -- Client List -- should display clients list correctly (failed) (attempt 2).png\"\n      ],\n      [\n        \"/03-client-management.cy.ts/Client Management -- should display clients list correctly -- before each hook (failed) (attempt 3).png\"\n      ]\n    ]\n  }\n]",
                  "code": "cy.visit('/clientes');\ncy.waitForAngular();\ncy.wait('@getClients');\n// Verify clients page loads\ncy.get('[data-cy=\"clients-page\"]').should('be.visible');\ncy.contains('Gestión de Clientes').should('be.visible');\n// Verify client cards are displayed\ncy.get('[data-cy=\"client-card\"]').should('have.length', 3);\n// Verify first client data\ncy.get('[data-cy=\"client-card\"]').first().within(() => {\n    cy.contains('Juan Pérez García').should('be.visible');\n    cy.contains('juan.perez@email.com').should('be.visible');\n    cy.contains('Venta a Plazo').should('be.visible');\n    cy.contains('Activo').should('be.visible');\n});",
                  "err": {
                    "message": "AssertionError: Timed out retrying after 10000ms: Expected to find element: `[data-cy=\"email-input\"]`, but never found it.\n\nThis error occurred while creating the session. Because the session setup failed, we failed the test.\n\nBecause this error occurred during a `before each` hook we are skipping the remaining tests in the current suite: `Client Management`",
                    "estack": "AssertionError: Timed out retrying after 10000ms: Expected to find element: `[data-cy=\"email-input\"]`, but never found it.\n\nThis error occurred while creating the session. Because the session setup failed, we failed the test.\n\nBecause this error occurred during a `before each` hook we are skipping the remaining tests in the current suite: `Client Management`\n    at Object.eval [as setup] (webpack://conductores-pwa/./cypress/support/commands.ts:14:7)\n    at Context.<anonymous> (http://localhost:4200/__cypress/runner/cypress_runner.js:136587:38)\n    at getRet (http://localhost:4200/__cypress/runner/cypress_runner.js:120768:20)\n    at tryCatcher (http://localhost:4200/__cypress/runner/cypress_runner.js:1777:23)\n    at Promise.attempt.Promise.try (http://localhost:4200/__cypress/runner/cypress_runner.js:4285:29)\n    at Context.thenFn (http://localhost:4200/__cypress/runner/cypress_runner.js:120779:66)\n    at Context.then (http://localhost:4200/__cypress/runner/cypress_runner.js:121030:21)\n    at wrapped (http://localhost:4200/__cypress/runner/cypress_runner.js:141618:19)",
                    "diff": null
                  },
                  "uuid": "d3b0257e-c0a8-4809-97bd-de3b9b7556c1",
                  "parentUUID": "8b5e1d5e-d0dd-4e2c-bb4a-bc88b7585d5d",
                  "isHook": false,
                  "skipped": false
                },
                {
                  "title": "should filter clients by status",
                  "fullTitle": "Client Management Client List should filter clients by status",
                  "timedOut": null,
                  "duration": 0,
                  "state": "skipped",
                  "speed": null,
                  "pass": false,
                  "fail": false,
                  "pending": false,
                  "context": null,
                  "code": "cy.visit('/clientes');\ncy.waitForAngular();\ncy.wait('@getClients');\n// Filter by active status\ncy.get('[data-cy=\"status-filter\"]').select('Activo');\n// Should show only active clients\ncy.get('[data-cy=\"client-card\"]').should('have.length', 2);\ncy.get('[data-cy=\"client-card\"]').each($card => {\n    cy.wrap($card).should('contain', 'Activo');\n});",
                  "err": {},
                  "uuid": "f73c52e4-2cd5-4ebc-9d8b-123f2d13248d",
                  "parentUUID": "8b5e1d5e-d0dd-4e2c-bb4a-bc88b7585d5d",
                  "isHook": false,
                  "skipped": true
                },
                {
                  "title": "should search clients by name",
                  "fullTitle": "Client Management Client List should search clients by name",
                  "timedOut": null,
                  "duration": 0,
                  "state": "skipped",
                  "speed": null,
                  "pass": false,
                  "fail": false,
                  "pending": false,
                  "context": null,
                  "code": "cy.visit('/clientes');\ncy.waitForAngular();\ncy.wait('@getClients');\ncy.get('[data-cy=\"client-search\"]').type('Juan');\ncy.get('[data-cy=\"client-card\"]').should('have.length', 1);\ncy.get('[data-cy=\"client-card\"]').first().should('contain', 'Juan Pérez García');",
                  "err": {},
                  "uuid": "c5e59ab6-45c4-40d8-a93a-7d3bd3755ef4",
                  "parentUUID": "8b5e1d5e-d0dd-4e2c-bb4a-bc88b7585d5d",
                  "isHook": false,
                  "skipped": true
                },
                {
                  "title": "should sort clients by different criteria",
                  "fullTitle": "Client Management Client List should sort clients by different criteria",
                  "timedOut": null,
                  "duration": 0,
                  "state": "skipped",
                  "speed": null,
                  "pass": false,
                  "fail": false,
                  "pending": false,
                  "context": null,
                  "code": "cy.visit('/clientes');\ncy.waitForAngular();\ncy.wait('@getClients');\n// Sort by name ascending\ncy.get('[data-cy=\"sort-selector\"]').select('name-asc');\ncy.get('[data-cy=\"client-card\"]').first().should('contain', 'Carlos Rodríguez');\n// Sort by date descending\ncy.get('[data-cy=\"sort-selector\"]').select('date-desc');\ncy.get('[data-cy=\"client-card\"]').first().should('contain', 'Carlos Rodríguez');",
                  "err": {},
                  "uuid": "1b8b4be5-9c8b-40a5-9cdf-d3e7e229946c",
                  "parentUUID": "8b5e1d5e-d0dd-4e2c-bb4a-bc88b7585d5d",
                  "isHook": false,
                  "skipped": true
                },
                {
                  "title": "should navigate to client details",
                  "fullTitle": "Client Management Client List should navigate to client details",
                  "timedOut": null,
                  "duration": 0,
                  "state": "skipped",
                  "speed": null,
                  "pass": false,
                  "fail": false,
                  "pending": false,
                  "context": null,
                  "code": "cy.visit('/clientes');\ncy.waitForAngular();\ncy.wait('@getClients');\ncy.get('[data-cy=\"client-card\"]').first().click();\ncy.url().should('include', '/clientes/client-001');\ncy.get('[data-cy=\"client-details\"]').should('be.visible');",
                  "err": {},
                  "uuid": "190d8a91-d52d-45db-8087-a5a963147d0a",
                  "parentUUID": "8b5e1d5e-d0dd-4e2c-bb4a-bc88b7585d5d",
                  "isHook": false,
                  "skipped": true
                }
              ],
              "suites": [],
              "passes": [],
              "failures": [
                "d3b0257e-c0a8-4809-97bd-de3b9b7556c1"
              ],
              "pending": [],
              "skipped": [
                "f73c52e4-2cd5-4ebc-9d8b-123f2d13248d",
                "c5e59ab6-45c4-40d8-a93a-7d3bd3755ef4",
                "1b8b4be5-9c8b-40a5-9cdf-d3e7e229946c",
                "190d8a91-d52d-45db-8087-a5a963147d0a"
              ],
              "duration": 10978,
              "root": false,
              "rootEmpty": false,
              "_timeout": 2000
            },
            {
              "uuid": "08a321ce-6414-464d-b6ec-1c9a8bccf93f",
              "title": "Create New Client",
              "fullFile": "",
              "file": "",
              "beforeHooks": [],
              "afterHooks": [],
              "tests": [
                {
                  "title": "should open new client modal",
                  "fullTitle": "Client Management Create New Client should open new client modal",
                  "timedOut": null,
                  "duration": 0,
                  "state": "skipped",
                  "speed": null,
                  "pass": false,
                  "fail": false,
                  "pending": false,
                  "context": null,
                  "code": "cy.visit('/clientes');\ncy.waitForAngular();\ncy.get('[data-cy=\"new-client-button\"]').click();\ncy.get('[data-cy=\"new-client-modal\"]').should('be.visible');\ncy.contains('Nuevo Cliente').should('be.visible');",
                  "err": {},
                  "uuid": "e6a1aa49-6923-4bda-a87a-f519cce7e921",
                  "parentUUID": null,
                  "isHook": false,
                  "skipped": true
                },
                {
                  "title": "should validate required fields",
                  "fullTitle": "Client Management Create New Client should validate required fields",
                  "timedOut": null,
                  "duration": 0,
                  "state": "skipped",
                  "speed": null,
                  "pass": false,
                  "fail": false,
                  "pending": false,
                  "context": null,
                  "code": "cy.visit('/clientes');\ncy.waitForAngular();\ncy.get('[data-cy=\"new-client-button\"]').click();\ncy.get('[data-cy=\"submit-client\"]').click();\n// Verify validation errors\ncy.contains('El nombre es requerido').should('be.visible');\ncy.contains('El correo es requerido').should('be.visible');\ncy.contains('El teléfono es requerido').should('be.visible');\ncy.contains('El RFC es requerido').should('be.visible');",
                  "err": {},
                  "uuid": "01d7630d-0bea-4255-952a-6903a2a110a7",
                  "parentUUID": null,
                  "isHook": false,
                  "skipped": true
                },
                {
                  "title": "should validate email format",
                  "fullTitle": "Client Management Create New Client should validate email format",
                  "timedOut": null,
                  "duration": 0,
                  "state": "skipped",
                  "speed": null,
                  "pass": false,
                  "fail": false,
                  "pending": false,
                  "context": null,
                  "code": "cy.visit('/clientes');\ncy.waitForAngular();\ncy.get('[data-cy=\"new-client-button\"]').click();\ncy.get('[data-cy=\"client-email\"]').type('invalid-email');\ncy.get('[data-cy=\"submit-client\"]').click();\ncy.contains('Formato de correo inválido').should('be.visible');",
                  "err": {},
                  "uuid": "da6029d5-3f89-459e-b816-72cf53d4ffbe",
                  "parentUUID": null,
                  "isHook": false,
                  "skipped": true
                },
                {
                  "title": "should validate RFC format",
                  "fullTitle": "Client Management Create New Client should validate RFC format",
                  "timedOut": null,
                  "duration": 0,
                  "state": "skipped",
                  "speed": null,
                  "pass": false,
                  "fail": false,
                  "pending": false,
                  "context": null,
                  "code": "cy.visit('/clientes');\ncy.waitForAngular();\ncy.get('[data-cy=\"new-client-button\"]').click();\ncy.get('[data-cy=\"client-rfc\"]').type('INVALID');\ncy.get('[data-cy=\"submit-client\"]').click();\ncy.contains('Formato de RFC inválido').should('be.visible');",
                  "err": {},
                  "uuid": "486116e1-f44b-4304-a78e-249f423c8d92",
                  "parentUUID": null,
                  "isHook": false,
                  "skipped": true
                },
                {
                  "title": "should create new client successfully",
                  "fullTitle": "Client Management Create New Client should create new client successfully",
                  "timedOut": null,
                  "duration": 0,
                  "state": "skipped",
                  "speed": null,
                  "pass": false,
                  "fail": false,
                  "pending": false,
                  "context": null,
                  "code": "// Mock successful creation\ncy.intercept('POST', '**/api/clients', {\n    statusCode: 201,\n    body: {\n        id: 'client-004',\n        name: 'Nuevo Cliente Test',\n        email: 'nuevo@test.com',\n        phone: '5551111111',\n        rfc: 'TETC800101ABC',\n        market: 'aguascalientes',\n        flow: 'Venta a Plazo',\n        status: 'Activo',\n        createdAt: '2024-02-03T15:30:00Z'\n    }\n}).as('createClient');\ncy.visit('/clientes');\ncy.waitForAngular();\ncy.get('[data-cy=\"new-client-button\"]').click();\n// Fill form\ncy.get('[data-cy=\"client-name\"]').type('Nuevo Cliente Test');\ncy.get('[data-cy=\"client-email\"]').type('nuevo@test.com');\ncy.get('[data-cy=\"client-phone\"]').type('5551111111');\ncy.get('[data-cy=\"client-rfc\"]').type('TETC800101ABC');\ncy.get('[data-cy=\"client-market\"]').select('aguascalientes');\ncy.get('[data-cy=\"client-flow\"]').select('Venta a Plazo');\ncy.get('[data-cy=\"submit-client\"]').click();\ncy.wait('@createClient');\n// Verify success\ncy.verifyToast('Cliente creado exitosamente', 'success');\ncy.get('[data-cy=\"new-client-modal\"]').should('not.exist');\n// Should refresh client list\ncy.wait('@getClients');",
                  "err": {},
                  "uuid": "bc5b5385-c347-4f01-9d72-8735e4d7a2ea",
                  "parentUUID": null,
                  "isHook": false,
                  "skipped": true
                },
                {
                  "title": "should handle creation errors",
                  "fullTitle": "Client Management Create New Client should handle creation errors",
                  "timedOut": null,
                  "duration": 0,
                  "state": "skipped",
                  "speed": null,
                  "pass": false,
                  "fail": false,
                  "pending": false,
                  "context": null,
                  "code": "cy.intercept('POST', '**/api/clients', {\n    statusCode: 400,\n    body: { error: 'El RFC ya existe en el sistema' }\n}).as('createClientError');\ncy.visit('/clientes');\ncy.waitForAngular();\ncy.get('[data-cy=\"new-client-button\"]').click();\n// Fill form with duplicate RFC\ncy.get('[data-cy=\"client-name\"]').type('Cliente Duplicado');\ncy.get('[data-cy=\"client-email\"]').type('duplicado@test.com');\ncy.get('[data-cy=\"client-phone\"]').type('5552222222');\ncy.get('[data-cy=\"client-rfc\"]').type('PEGJ850315ABC'); // Existing RFC\ncy.get('[data-cy=\"client-market\"]').select('aguascalientes');\ncy.get('[data-cy=\"submit-client\"]').click();\ncy.wait('@createClientError');\ncy.get('[data-cy=\"form-error\"]').should('contain', 'El RFC ya existe en el sistema');",
                  "err": {},
                  "uuid": "43bbe790-51f4-4a00-9d26-1bffabf23505",
                  "parentUUID": null,
                  "isHook": false,
                  "skipped": true
                }
              ],
              "suites": [],
              "passes": [],
              "failures": [],
              "pending": [],
              "skipped": [
                "e6a1aa49-6923-4bda-a87a-f519cce7e921",
                "01d7630d-0bea-4255-952a-6903a2a110a7",
                "da6029d5-3f89-459e-b816-72cf53d4ffbe",
                "486116e1-f44b-4304-a78e-249f423c8d92",
                "bc5b5385-c347-4f01-9d72-8735e4d7a2ea",
                "43bbe790-51f4-4a00-9d26-1bffabf23505"
              ],
              "duration": 0,
              "root": false,
              "rootEmpty": false,
              "_timeout": 2000
            },
            {
              "uuid": "accddb0e-9273-4887-942f-c17678b50e05",
              "title": "Client Details",
              "fullFile": "",
              "file": "",
              "beforeHooks": [],
              "afterHooks": [],
              "tests": [
                {
                  "title": "should display client information correctly",
                  "fullTitle": "Client Management Client Details should display client information correctly",
                  "timedOut": null,
                  "duration": 0,
                  "state": "skipped",
                  "speed": null,
                  "pass": false,
                  "fail": false,
                  "pending": false,
                  "context": null,
                  "code": "cy.visit('/clientes/client-001');\ncy.waitForAngular();\ncy.wait('@getClientDetails');\n// Verify client header\ncy.get('[data-cy=\"client-name\"]').should('contain', 'Juan Pérez García');\ncy.get('[data-cy=\"client-email\"]').should('contain', 'juan.perez@email.com');\ncy.get('[data-cy=\"client-phone\"]').should('contain', '5551234567');\ncy.get('[data-cy=\"client-rfc\"]').should('contain', 'PEGJ850315ABC');\n// Verify status and flow\ncy.get('[data-cy=\"client-status\"]').should('contain', 'Activo');\ncy.get('[data-cy=\"client-flow\"]').should('contain', 'Venta a Plazo');\n// Verify health score\ncy.get('[data-cy=\"health-score\"]').should('contain', '85');",
                  "err": {},
                  "uuid": "385c04ff-3dce-4f9b-be65-768b8def0859",
                  "parentUUID": null,
                  "isHook": false,
                  "skipped": true
                },
                {
                  "title": "should display savings plan information",
                  "fullTitle": "Client Management Client Details should display savings plan information",
                  "timedOut": null,
                  "duration": 0,
                  "state": "skipped",
                  "speed": null,
                  "pass": false,
                  "fail": false,
                  "pending": false,
                  "context": null,
                  "code": "cy.visit('/clientes/client-001');\ncy.waitForAngular();\ncy.wait('@getClientDetails');\ncy.get('[data-cy=\"savings-plan\"]').should('be.visible');\ncy.get('[data-cy=\"savings-progress\"]').should('contain', '$75,000');\ncy.get('[data-cy=\"savings-goal\"]').should('contain', '$200,000');\n// Verify progress bar\ncy.get('[data-cy=\"progress-bar\"]').should('have.attr', 'aria-valuenow', '37.5');",
                  "err": {},
                  "uuid": "0dc1d35c-d60b-42da-a7d8-de6316a45dbe",
                  "parentUUID": null,
                  "isHook": false,
                  "skipped": true
                },
                {
                  "title": "should display documents section",
                  "fullTitle": "Client Management Client Details should display documents section",
                  "timedOut": null,
                  "duration": 0,
                  "state": "skipped",
                  "speed": null,
                  "pass": false,
                  "fail": false,
                  "pending": false,
                  "context": null,
                  "code": "cy.visit('/clientes/client-001');\ncy.waitForAngular();\ncy.wait('@getClientDetails');\ncy.get('[data-cy=\"documents-section\"]').should('be.visible');\n// Verify document statuses\ncy.get('[data-cy=\"doc-INE\"]').should('contain', 'Aprobado');\ncy.get('[data-cy=\"doc-domicilio\"]').should('contain', 'Pendiente');\ncy.get('[data-cy=\"doc-rfc\"]').should('contain', 'En Revisión');",
                  "err": {},
                  "uuid": "5301605e-f683-40aa-8fbf-2f0ff3d5a0e9",
                  "parentUUID": null,
                  "isHook": false,
                  "skipped": true
                },
                {
                  "title": "should display import status correctly",
                  "fullTitle": "Client Management Client Details should display import status correctly",
                  "timedOut": null,
                  "duration": 0,
                  "state": "skipped",
                  "speed": null,
                  "pass": false,
                  "fail": false,
                  "pending": false,
                  "context": null,
                  "code": "cy.visit('/clientes/client-001');\ncy.waitForAngular();\ncy.wait('@getClientDetails');\ncy.get('[data-cy=\"import-status\"]').should('be.visible');\n// Verify completed steps\ncy.get('[data-cy=\"step-pedido\"]').should('have.class', 'completed');\ncy.get('[data-cy=\"step-fabricada\"]').should('have.class', 'completed');\n// Verify in-progress step\ncy.get('[data-cy=\"step-transito\"]').should('have.class', 'in-progress');\n// Verify pending steps\ncy.get('[data-cy=\"step-aduana\"]').should('have.class', 'pending');\ncy.get('[data-cy=\"step-liberada\"]').should('have.class', 'pending');",
                  "err": {},
                  "uuid": "ec6ad72a-7bb9-4ba9-b241-564dce8c83bd",
                  "parentUUID": null,
                  "isHook": false,
                  "skipped": true
                },
                {
                  "title": "should display activity timeline",
                  "fullTitle": "Client Management Client Details should display activity timeline",
                  "timedOut": null,
                  "duration": 0,
                  "state": "skipped",
                  "speed": null,
                  "pass": false,
                  "fail": false,
                  "pending": false,
                  "context": null,
                  "code": "cy.visit('/clientes/client-001');\ncy.waitForAngular();\ncy.wait('@getClientDetails');\ncy.get('[data-cy=\"activity-timeline\"]').should('be.visible');\n// Verify timeline events\ncy.get('[data-cy=\"timeline-event\"]').should('have.length.gte', 2);\ncy.contains('Documento INE aprobado por el sistema').should('be.visible');\ncy.contains('Cliente contactado para seguimiento').should('be.visible');",
                  "err": {},
                  "uuid": "c6618fdf-9029-4f33-9c96-a160891bb1a5",
                  "parentUUID": null,
                  "isHook": false,
                  "skipped": true
                },
                {
                  "title": "should allow editing client information",
                  "fullTitle": "Client Management Client Details should allow editing client information",
                  "timedOut": null,
                  "duration": 0,
                  "state": "skipped",
                  "speed": null,
                  "pass": false,
                  "fail": false,
                  "pending": false,
                  "context": null,
                  "code": "cy.intercept('PUT', '**/api/clients/client-001', {\n    statusCode: 200,\n    body: { success: true }\n}).as('updateClient');\ncy.visit('/clientes/client-001');\ncy.waitForAngular();\ncy.wait('@getClientDetails');\ncy.get('[data-cy=\"edit-client-button\"]').click();\n// Verify edit mode\ncy.get('[data-cy=\"client-name-input\"]').should('be.visible');\ncy.get('[data-cy=\"client-email-input\"]').should('be.visible');\n// Make changes\ncy.get('[data-cy=\"client-name-input\"]').clear().type('Juan Pérez García Actualizado');\ncy.get('[data-cy=\"client-phone-input\"]').clear().type('5551234568');\ncy.get('[data-cy=\"save-changes\"]').click();\ncy.wait('@updateClient');\ncy.verifyToast('Cliente actualizado exitosamente', 'success');",
                  "err": {},
                  "uuid": "3942d62c-399f-432c-9f59-d505959fb99f",
                  "parentUUID": null,
                  "isHook": false,
                  "skipped": true
                },
                {
                  "title": "should handle document upload",
                  "fullTitle": "Client Management Client Details should handle document upload",
                  "timedOut": null,
                  "duration": 0,
                  "state": "skipped",
                  "speed": null,
                  "pass": false,
                  "fail": false,
                  "pending": false,
                  "context": null,
                  "code": "cy.intercept('POST', '**/api/clients/client-001/documents', {\n    statusCode: 200,\n    body: {\n        id: 'doc-004',\n        name: 'Comprobante de domicilio',\n        status: 'En Revisión',\n        uploadedAt: '2024-02-03T16:00:00Z'\n    }\n}).as('uploadDocument');\ncy.visit('/clientes/client-001');\ncy.waitForAngular();\ncy.wait('@getClientDetails');\n// Upload document for pending requirement\ncy.get('[data-cy=\"upload-domicilio\"]').click();\nconst fileName = 'comprobante-domicilio.pdf';\ncy.fixture(fileName, 'binary')\n    .then(Cypress.Blob.binaryStringToBlob)\n    .then(fileContent => {\n    cy.get('[data-cy=\"file-input\"]').selectFile({\n        contents: fileContent,\n        fileName,\n        mimeType: 'application/pdf'\n    });\n});\ncy.get('[data-cy=\"upload-submit\"]').click();\ncy.wait('@uploadDocument');\ncy.verifyToast('Documento subido exitosamente', 'success');\n// Verify document status updated\ncy.get('[data-cy=\"doc-domicilio\"]').should('contain', 'En Revisión');",
                  "err": {},
                  "uuid": "50ed75fd-7526-43d7-8f5b-2d6f83b66b20",
                  "parentUUID": null,
                  "isHook": false,
                  "skipped": true
                }
              ],
              "suites": [],
              "passes": [],
              "failures": [],
              "pending": [],
              "skipped": [
                "385c04ff-3dce-4f9b-be65-768b8def0859",
                "0dc1d35c-d60b-42da-a7d8-de6316a45dbe",
                "5301605e-f683-40aa-8fbf-2f0ff3d5a0e9",
                "ec6ad72a-7bb9-4ba9-b241-564dce8c83bd",
                "c6618fdf-9029-4f33-9c96-a160891bb1a5",
                "3942d62c-399f-432c-9f59-d505959fb99f",
                "50ed75fd-7526-43d7-8f5b-2d6f83b66b20"
              ],
              "duration": 0,
              "root": false,
              "rootEmpty": false,
              "_timeout": 2000
            },
            {
              "uuid": "b2c1a174-d69b-47a2-8f81-a9a1b8aabea3",
              "title": "Client Actions",
              "fullFile": "",
              "file": "",
              "beforeHooks": [],
              "afterHooks": [],
              "tests": [
                {
                  "title": "should create new quote for client",
                  "fullTitle": "Client Management Client Actions should create new quote for client",
                  "timedOut": null,
                  "duration": 0,
                  "state": "skipped",
                  "speed": null,
                  "pass": false,
                  "fail": false,
                  "pending": false,
                  "context": null,
                  "code": "cy.visit('/clientes/client-001');\ncy.waitForAngular();\ncy.wait('@getClientDetails');\ncy.get('[data-cy=\"create-quote-button\"]').click();\ncy.url().should('include', '/cotizaciones/nueva');\ncy.url().should('include', 'clientId=client-001');",
                  "err": {},
                  "uuid": "ec78f71c-ca70-492f-ac58-d2fa6074fc87",
                  "parentUUID": null,
                  "isHook": false,
                  "skipped": true
                },
                {
                  "title": "should send client communication",
                  "fullTitle": "Client Management Client Actions should send client communication",
                  "timedOut": null,
                  "duration": 0,
                  "state": "skipped",
                  "speed": null,
                  "pass": false,
                  "fail": false,
                  "pending": false,
                  "context": null,
                  "code": "cy.intercept('POST', '**/api/clients/client-001/communications', {\n    statusCode: 200,\n    body: { success: true }\n}).as('sendCommunication');\ncy.visit('/clientes/client-001');\ncy.waitForAngular();\ncy.wait('@getClientDetails');\ncy.get('[data-cy=\"send-communication\"]').click();\ncy.get('[data-cy=\"communication-modal\"]').should('be.visible');\ncy.get('[data-cy=\"communication-type\"]').select('email');\ncy.get('[data-cy=\"communication-template\"]').select('seguimiento');\ncy.get('[data-cy=\"communication-message\"]').type('Mensaje de seguimiento personalizado');\ncy.get('[data-cy=\"send-message\"]').click();\ncy.wait('@sendCommunication');\ncy.verifyToast('Comunicación enviada exitosamente', 'success');",
                  "err": {},
                  "uuid": "aac4deaf-654a-4ee6-a467-db5a1d0f93d9",
                  "parentUUID": null,
                  "isHook": false,
                  "skipped": true
                },
                {
                  "title": "should schedule follow-up reminder",
                  "fullTitle": "Client Management Client Actions should schedule follow-up reminder",
                  "timedOut": null,
                  "duration": 0,
                  "state": "skipped",
                  "speed": null,
                  "pass": false,
                  "fail": false,
                  "pending": false,
                  "context": null,
                  "code": "cy.intercept('POST', '**/api/clients/client-001/reminders', {\n    statusCode: 200,\n    body: { success: true, reminderId: 'reminder-001' }\n}).as('createReminder');\ncy.visit('/clientes/client-001');\ncy.waitForAngular();\ncy.wait('@getClientDetails');\ncy.get('[data-cy=\"schedule-reminder\"]').click();\ncy.get('[data-cy=\"reminder-modal\"]').should('be.visible');\ncy.get('[data-cy=\"reminder-date\"]').type('2024-02-10');\ncy.get('[data-cy=\"reminder-time\"]').type('10:00');\ncy.get('[data-cy=\"reminder-note\"]').type('Seguimiento de documentos pendientes');\ncy.get('[data-cy=\"create-reminder\"]').click();\ncy.wait('@createReminder');\ncy.verifyToast('Recordatorio programado', 'success');",
                  "err": {},
                  "uuid": "268e2c25-0463-4d34-9432-17806f58fd0d",
                  "parentUUID": null,
                  "isHook": false,
                  "skipped": true
                }
              ],
              "suites": [],
              "passes": [],
              "failures": [],
              "pending": [],
              "skipped": [
                "ec78f71c-ca70-492f-ac58-d2fa6074fc87",
                "aac4deaf-654a-4ee6-a467-db5a1d0f93d9",
                "268e2c25-0463-4d34-9432-17806f58fd0d"
              ],
              "duration": 0,
              "root": false,
              "rootEmpty": false,
              "_timeout": 2000
            },
            {
              "uuid": "bb4426f1-2ffe-4dd2-9195-acdafa807ba0",
              "title": "Bulk Operations",
              "fullFile": "",
              "file": "",
              "beforeHooks": [],
              "afterHooks": [],
              "tests": [
                {
                  "title": "should select multiple clients",
                  "fullTitle": "Client Management Bulk Operations should select multiple clients",
                  "timedOut": null,
                  "duration": 0,
                  "state": "skipped",
                  "speed": null,
                  "pass": false,
                  "fail": false,
                  "pending": false,
                  "context": null,
                  "code": "cy.visit('/clientes');\ncy.waitForAngular();\ncy.wait('@getClients');\n// Select multiple clients\ncy.get('[data-cy=\"client-checkbox\"]').first().check();\ncy.get('[data-cy=\"client-checkbox\"]').eq(1).check();\n// Verify bulk actions appear\ncy.get('[data-cy=\"bulk-actions\"]').should('be.visible');\ncy.get('[data-cy=\"selected-count\"]').should('contain', '2 clientes seleccionados');",
                  "err": {},
                  "uuid": "5fac9c0b-f1e1-436d-8a56-a28c293b306b",
                  "parentUUID": null,
                  "isHook": false,
                  "skipped": true
                },
                {
                  "title": "should export selected clients",
                  "fullTitle": "Client Management Bulk Operations should export selected clients",
                  "timedOut": null,
                  "duration": 0,
                  "state": "skipped",
                  "speed": null,
                  "pass": false,
                  "fail": false,
                  "pending": false,
                  "context": null,
                  "code": "cy.intercept('POST', '**/api/clients/export', {\n    statusCode: 200,\n    body: { downloadUrl: '/downloads/clients-export.xlsx' }\n}).as('exportClients');\ncy.visit('/clientes');\ncy.waitForAngular();\ncy.wait('@getClients');\ncy.get('[data-cy=\"client-checkbox\"]').first().check();\ncy.get('[data-cy=\"client-checkbox\"]').eq(1).check();\ncy.get('[data-cy=\"export-selected\"]').click();\ncy.wait('@exportClients');\ncy.verifyToast('Exportación completada', 'success');",
                  "err": {},
                  "uuid": "6a2f2dca-40a3-43be-a07b-fa34f434c54a",
                  "parentUUID": null,
                  "isHook": false,
                  "skipped": true
                },
                {
                  "title": "should send bulk communication",
                  "fullTitle": "Client Management Bulk Operations should send bulk communication",
                  "timedOut": null,
                  "duration": 0,
                  "state": "skipped",
                  "speed": null,
                  "pass": false,
                  "fail": false,
                  "pending": false,
                  "context": null,
                  "code": "cy.intercept('POST', '**/api/clients/bulk-communication', {\n    statusCode: 200,\n    body: { success: true, sent: 2 }\n}).as('bulkCommunication');\ncy.visit('/clientes');\ncy.waitForAngular();\ncy.wait('@getClients');\ncy.get('[data-cy=\"client-checkbox\"]').first().check();\ncy.get('[data-cy=\"client-checkbox\"]').eq(1).check();\ncy.get('[data-cy=\"bulk-communication\"]').click();\ncy.get('[data-cy=\"bulk-comm-modal\"]').should('be.visible');\ncy.get('[data-cy=\"bulk-comm-type\"]').select('email');\ncy.get('[data-cy=\"bulk-comm-template\"]').select('promocional');\ncy.get('[data-cy=\"send-bulk-comm\"]').click();\ncy.wait('@bulkCommunication');\ncy.verifyToast('Comunicaciones enviadas a 2 clientes', 'success');",
                  "err": {},
                  "uuid": "841e4baf-735a-4d3a-b6dc-9f8dca746de4",
                  "parentUUID": null,
                  "isHook": false,
                  "skipped": true
                }
              ],
              "suites": [],
              "passes": [],
              "failures": [],
              "pending": [],
              "skipped": [
                "5fac9c0b-f1e1-436d-8a56-a28c293b306b",
                "6a2f2dca-40a3-43be-a07b-fa34f434c54a",
                "841e4baf-735a-4d3a-b6dc-9f8dca746de4"
              ],
              "duration": 0,
              "root": false,
              "rootEmpty": false,
              "_timeout": 2000
            },
            {
              "uuid": "00edae6f-51f6-43a0-94f6-483ef503ba6a",
              "title": "Performance and Accessibility",
              "fullFile": "",
              "file": "",
              "beforeHooks": [],
              "afterHooks": [],
              "tests": [
                {
                  "title": "should load client list within acceptable time",
                  "fullTitle": "Client Management Performance and Accessibility should load client list within acceptable time",
                  "timedOut": null,
                  "duration": 0,
                  "state": "skipped",
                  "speed": null,
                  "pass": false,
                  "fail": false,
                  "pending": false,
                  "context": null,
                  "code": "const start = Date.now();\ncy.visit('/clientes');\ncy.waitForAngular();\ncy.wait('@getClients');\ncy.then(() => {\n    const loadTime = Date.now() - start;\n    expect(loadTime).to.be.lessThan(2000);\n});",
                  "err": {},
                  "uuid": "9610913a-cf2d-4141-9c7a-390947a52e93",
                  "parentUUID": null,
                  "isHook": false,
                  "skipped": true
                },
                {
                  "title": "should be fully accessible",
                  "fullTitle": "Client Management Performance and Accessibility should be fully accessible",
                  "timedOut": null,
                  "duration": 0,
                  "state": "skipped",
                  "speed": null,
                  "pass": false,
                  "fail": false,
                  "pending": false,
                  "context": null,
                  "code": "cy.visit('/clientes');\ncy.waitForAngular();\ncy.wait('@getClients');\ncy.checkA11y();\n// Test keyboard navigation\ncy.get('body').tab();\ncy.focused().should('be.visible');\n// Navigate through client cards\nfor (let i = 0; i < 5; i++) {\n    cy.focused().tab();\n    cy.focused().should('be.visible');\n}",
                  "err": {},
                  "uuid": "3262c9ce-21bc-49bb-81c0-b39cfd1465ce",
                  "parentUUID": null,
                  "isHook": false,
                  "skipped": true
                },
                {
                  "title": "should handle large client datasets",
                  "fullTitle": "Client Management Performance and Accessibility should handle large client datasets",
                  "timedOut": null,
                  "duration": 0,
                  "state": "failed",
                  "speed": null,
                  "pass": false,
                  "fail": true,
                  "pending": false,
                  "context": null,
                  "code": "// Mock large dataset\ncy.intercept('GET', '**/api/clients', {\n    body: Array.from({ length: 100 }, (_, i) => ({\n        id: `client-${i + 1}`,\n        name: `Cliente ${i + 1}`,\n        email: `cliente${i + 1}@test.com`,\n        status: i % 2 === 0 ? 'Activo' : 'Pendiente'\n    }))\n}).as('getLargeClientList');\ncy.visit('/clientes');\ncy.waitForAngular();\ncy.wait('@getLargeClientList');\n// Should implement pagination or virtual scrolling\ncy.get('[data-cy=\"pagination\"]').should('be.visible');\ncy.get('[data-cy=\"items-per-page\"]').should('be.visible');",
                  "err": {
                    "message": "CypressError: `cy.task('coverageReport')` failed with the following error:\n\n> Command failed with exit code 1: npm run coverage:report\n\nhttps://on.cypress.io/api/task\n\nBecause this error occurred during a `after all` hook we are skipping all of the remaining tests.\n\nAlthough you have test retries enabled, we do not retry tests when `before all` or `after all` hooks fail",
                    "estack": "CypressError: `cy.task('coverageReport')` failed with the following error:\n\n> Command failed with exit code 1: npm run coverage:report\n\nhttps://on.cypress.io/api/task\n\nBecause this error occurred during a `after all` hook we are skipping all of the remaining tests.\n\nAlthough you have test retries enabled, we do not retry tests when `before all` or `after all` hooks fail\n    at <unknown> (http://localhost:4200/__cypress/runner/cypress_runner.js:138627:70)\n    at tryCatcher (http://localhost:4200/__cypress/runner/cypress_runner.js:1777:23)\n    at Promise._settlePromiseFromHandler (http://localhost:4200/__cypress/runner/cypress_runner.js:1489:31)\n    at Promise._settlePromise (http://localhost:4200/__cypress/runner/cypress_runner.js:1546:18)\n    at Promise._settlePromise0 (http://localhost:4200/__cypress/runner/cypress_runner.js:1591:10)\n    at Promise._settlePromises (http://localhost:4200/__cypress/runner/cypress_runner.js:1667:18)\n    at _drainQueueStep (http://localhost:4200/__cypress/runner/cypress_runner.js:2377:12)\n    at _drainQueue (http://localhost:4200/__cypress/runner/cypress_runner.js:2370:9)\n    at Async._drainQueues (http://localhost:4200/__cypress/runner/cypress_runner.js:2386:5)\n    at Async.drainQueues (http://localhost:4200/__cypress/runner/cypress_runner.js:2256:14)\nFrom Your Spec Code:\n    at Context.generateReport (webpack://conductores-pwa/./node_modules/@cypress/code-coverage/support.js:263:0)\n\nFrom Node.js Internals:\n  Error: Command failed with exit code 1: npm run coverage:report\n      at makeError (/workspace/node_modules/@cypress/code-coverage/node_modules/execa/lib/error.js:59:11)\n      at handlePromise (/workspace/node_modules/@cypress/code-coverage/node_modules/execa/index.js:114:26)\n      at process.processTicksAndRejections (node:internal/process/task_queues:105:5)",
                    "diff": null
                  },
                  "uuid": "9f1374eb-89cc-4d56-b31e-03e931fd2792",
                  "parentUUID": null,
                  "isHook": false,
                  "skipped": false
                }
              ],
              "suites": [],
              "passes": [],
              "failures": [
                "9f1374eb-89cc-4d56-b31e-03e931fd2792"
              ],
              "pending": [],
              "skipped": [
                "9610913a-cf2d-4141-9c7a-390947a52e93",
                "3262c9ce-21bc-49bb-81c0-b39cfd1465ce"
              ],
              "duration": 0,
              "root": false,
              "rootEmpty": false,
              "_timeout": 2000
            }
          ],
          "passes": [],
          "failures": [],
          "pending": [],
          "skipped": [],
          "duration": 0,
          "root": false,
          "rootEmpty": false,
          "_timeout": 2000
        }
      ],
      "passes": [],
      "failures": [],
      "pending": [],
      "skipped": [],
      "duration": 0,
      "root": true,
      "rootEmpty": true,
      "_timeout": 2000
    }
  ],
  "meta": {
    "mocha": {
      "version": "7.2.0"
    },
    "mochawesome": {
      "options": {
        "quiet": false,
        "reportFilename": "mochawesome",
        "saveHtml": false,
        "saveJson": true,
        "consoleReporter": "spec",
        "useInlineDiffs": false,
        "code": true
      },
      "version": "7.1.3"
    },
    "marge": {
      "options": {
        "id": "default",
        "charts": true,
        "reportPageTitle": "Conductores PWA E2E Tests",
        "embeddedScreenshots": true,
        "inlineAssets": true,
        "saveAllAttempts": false,
        "reportDir": "cypress/reports/html/.jsons",
        "overwrite": false,
        "html": false,
        "json": true
      },
      "version": "6.2.0"
    }
  }
}