{
  "stats": {
    "suites": 1,
    "tests": 1,
    "passes": 0,
    "pending": 0,
    "failures": 1,
    "start": "2025-09-16T04:44:20.957Z",
    "end": "2025-09-16T04:44:22.568Z",
    "duration": 1611,
    "testsRegistered": 1,
    "passPercent": 0,
    "pendingPercent": 0,
    "other": 1,
    "hasOther": true,
    "skipped": 0,
    "hasSkipped": false
  },
  "results": [
    {
      "uuid": "9ff6d256-4310-4ad4-8384-5954554b5984",
      "title": "",
      "fullFile": "cypress/e2e/smoke-avi-lab.cy.ts",
      "file": "cypress/e2e/smoke-avi-lab.cy.ts",
      "beforeHooks": [],
      "afterHooks": [],
      "tests": [],
      "suites": [
        {
          "uuid": "18c4a08e-8d7d-4d62-b6f8-685d1f2de7eb",
          "title": "AVI_LAB – Toggles and Basic Flow (smoke)",
          "fullFile": "",
          "file": "",
          "beforeHooks": [],
          "afterHooks": [],
          "tests": [
            {
              "title": "shows Questions tab, lexicon toggles and Basic Info Flow",
              "fullTitle": "AVI_LAB – Toggles and Basic Flow (smoke) shows Questions tab, lexicon toggles and Basic Info Flow",
              "timedOut": null,
              "duration": 741,
              "state": "failed",
              "speed": null,
              "pass": false,
              "fail": true,
              "pending": false,
              "context": "[\n  {\n    \"title\": \"cypress-mochawesome-reporter-videos-failed\",\n    \"value\": \"cypress/e2e/smoke-avi-lab.cy.ts\"\n  },\n  {\n    \"title\": \"cypress-mochawesome-reporter-screenshots\",\n    \"value\": [\n      [\n        \"/smoke-avi-lab.cy.ts/AVI_LAB – Toggles and Basic Flow (smoke) -- shows Questions tab, lexicon toggles and Basic Info Flow (failed).png\"\n      ],\n      [\n        \"/smoke-avi-lab.cy.ts/AVI_LAB – Toggles and Basic Flow (smoke) -- shows Questions tab, lexicon toggles and Basic Info Flow (failed) (attempt 2).png\"\n      ],\n      [\n        \"/smoke-avi-lab.cy.ts/AVI_LAB – Toggles and Basic Flow (smoke) -- shows Questions tab, lexicon toggles and Basic Info Flow (failed) (attempt 3).png\",\n        \"/smoke-avi-lab.cy.ts/shows Questions tab, lexicon toggles and Basic Info Flow -- after all hook generateReport (failed) (attempt 3).png\"\n      ]\n    ]\n  }\n]",
              "code": "cy.visit(`${lab}/index.html`);\n// Wait for page to load and ensure app is initialized\ncy.get('.tab-btn').should('exist');\ncy.wait(1000);\n// Go to Questions tab\ncy.contains('button', '❓ Questions').click({ force: true });\n// Wait for tab content to load\ncy.wait(500);\n// Check that Questions tab content is visible\ncy.get('#questions').should('be.visible');\n// Check lexicon toggles exist (these are dynamically created)\ncy.get('#lexicons-enabled-toggle').should('exist');\ncy.get('#lexicon-plaza-select').should('exist');\n// Basic Info Flow button present (text includes ▶️ emoji)\ncy.contains('button', '▶️ Basic Info Flow').should('be.visible');\n// Verify other key Questions tab elements\ncy.contains('📋 Catálogo de Preguntas AVI').should('be.visible');\ncy.get('#question-category').should('exist');",
              "err": {
                "message": "CypressError: `cy.task('coverageReport')` failed with the following error:\n\n> Command failed with exit code 1: npm run coverage:report\n\nhttps://on.cypress.io/api/task\n\nBecause this error occurred during a `after all` hook we are skipping all of the remaining tests.\n\nAlthough you have test retries enabled, we do not retry tests when `before all` or `after all` hooks fail",
                "estack": "CypressError: `cy.task('coverageReport')` failed with the following error:\n\n> Command failed with exit code 1: npm run coverage:report\n\nhttps://on.cypress.io/api/task\n\nBecause this error occurred during a `after all` hook we are skipping all of the remaining tests.\n\nAlthough you have test retries enabled, we do not retry tests when `before all` or `after all` hooks fail\n    at <unknown> (http://localhost:8080/__cypress/runner/cypress_runner.js:138627:70)\n    at tryCatcher (http://localhost:8080/__cypress/runner/cypress_runner.js:1777:23)\n    at Promise._settlePromiseFromHandler (http://localhost:8080/__cypress/runner/cypress_runner.js:1489:31)\n    at Promise._settlePromise (http://localhost:8080/__cypress/runner/cypress_runner.js:1546:18)\n    at Promise._settlePromise0 (http://localhost:8080/__cypress/runner/cypress_runner.js:1591:10)\n    at Promise._settlePromises (http://localhost:8080/__cypress/runner/cypress_runner.js:1667:18)\n    at _drainQueueStep (http://localhost:8080/__cypress/runner/cypress_runner.js:2377:12)\n    at _drainQueue (http://localhost:8080/__cypress/runner/cypress_runner.js:2370:9)\n    at Async._drainQueues (http://localhost:8080/__cypress/runner/cypress_runner.js:2386:5)\n    at Async.drainQueues (http://localhost:8080/__cypress/runner/cypress_runner.js:2256:14)\n\nFrom Node.js Internals:\n  Error: Command failed with exit code 1: npm run coverage:report\n      at makeError (/Users/josuehernandez/pwa_angular/node_modules/@cypress/code-coverage/node_modules/execa/lib/error.js:59:11)\n      at handlePromise (/Users/josuehernandez/pwa_angular/node_modules/@cypress/code-coverage/node_modules/execa/index.js:114:26)\n      at process.processTicksAndRejections (node:internal/process/task_queues:105:5)",
                "diff": null
              },
              "uuid": "ce4932d6-14a9-45d9-b5e1-d8edc5fdaef0",
              "parentUUID": "18c4a08e-8d7d-4d62-b6f8-685d1f2de7eb",
              "isHook": false,
              "skipped": false
            }
          ],
          "suites": [],
          "passes": [],
          "failures": [
            "ce4932d6-14a9-45d9-b5e1-d8edc5fdaef0"
          ],
          "pending": [],
          "skipped": [],
          "duration": 741,
          "root": false,
          "rootEmpty": false,
          "_timeout": 2000
        }
      ],
      "passes": [],
      "failures": [],
      "pending": [],
      "skipped": [],
      "duration": 0,
      "root": true,
      "rootEmpty": true,
      "_timeout": 2000
    }
  ],
  "meta": {
    "mocha": {
      "version": "7.2.0"
    },
    "mochawesome": {
      "options": {
        "quiet": false,
        "reportFilename": "mochawesome",
        "saveHtml": false,
        "saveJson": true,
        "consoleReporter": "spec",
        "useInlineDiffs": false,
        "code": true
      },
      "version": "7.1.3"
    },
    "marge": {
      "options": {
        "id": "default",
        "charts": true,
        "reportPageTitle": "Conductores PWA E2E Tests",
        "embeddedScreenshots": true,
        "inlineAssets": true,
        "saveAllAttempts": false,
        "reportDir": "cypress/reports/html/.jsons",
        "overwrite": false,
        "html": false,
        "json": true
      },
      "version": "6.2.0"
    }
  }
}